<?xml version="1.0" encoding="UTF-8"?>
<!-- Generated by org.testng.reporters.JUnitReportReporter -->
<testsuite hostname="DESKTOP-QQLD7O3" failures="0" tests="9" name="com.qa.wk.testcases.TodosPageTestCases" time="105.936" errors="0" timestamp="2022-06-03T17:19:43 CEST" skipped="0">
  <testcase classname="com.qa.wk.testcases.TodosPageTestCases" name="verifyTitleOfPage" time="1.550"/>
  <system-out/>
  <testcase classname="com.qa.wk.testcases.TodosPageTestCases" name="verifyHeadTitleOfPage" time="1.602"/>
  <system-out/>
  <testcase classname="com.qa.wk.testcases.TodosPageTestCases" name="verifyLinksOfpage" time="7.610"/>
  <system-out/>
  <testcase classname="com.qa.wk.testcases.TodosPageTestCases" name="verifyTodosData" time="1.972"/>
  <system-out/>
  <testcase classname="com.qa.wk.testcases.TodosPageTestCases" name="verifyTodosData" time="5.822"/>
  <system-out/>
  <testcase classname="com.qa.wk.testcases.TodosPageTestCases" name="verifyClearTodoDataCheckbox" time="21.689"/>
  <system-out/>
  <testcase classname="com.qa.wk.testcases.TodosPageTestCases" name="verifyClearTodoDataCheckbox" time="21.859"/>
  <system-out/>
  <testcase classname="com.qa.wk.testcases.TodosPageTestCases" name="verifyClearTodosCross" time="21.821"/>
  <system-out/>
  <testcase classname="com.qa.wk.testcases.TodosPageTestCases" name="verifyClearTodosCross" time="22.011"/>
  <system-out/>
</testsuite> <!-- com.qa.wk.testcases.TodosPageTestCases -->
